#
# There is insufficient memory for the Java Runtime Environment to continue.
# Native memory allocation (malloc) failed to allocate 1061936 bytes for Chunk::new
# Possible reasons:
#   The system is out of physical RAM or swap space
#   The process is running with CompressedOops enabled, and the Java Heap may be blocking the growth of the native heap
# Possible solutions:
#   Reduce memory load on the system
#   Increase physical memory or swap space
#   Check if swap backing store is full
#   Decrease Java heap size (-Xmx/-Xms)
#   Decrease number of Java threads
#   Decrease Java thread stack sizes (-Xss)
#   Set larger code cache with -XX:ReservedCodeCacheSize=
#   JVM is running with Unscaled Compressed Oops mode in which the Java heap is
#     placed in the first 4GB address space. The Java Heap base address is the
#     maximum limit for the native heap growth. Please use -XX:HeapBaseMinAddress
#     to set the Java Heap base and to place the Java Heap above 4GB virtual address.
# This output file may be truncated or incomplete.
#
#  Out of Memory Error (./open/src/hotspot/share/memory/arena.cpp:197), pid=380, tid=18320
#
# JRE version: Java(TM) SE Runtime Environment 18.9 (11.0.8+10) (build 11.0.8+10-LTS)
# Java VM: Java HotSpot(TM) 64-Bit Server VM 18.9 (11.0.8+10-LTS, mixed mode, tiered, compressed oops, g1 gc, windows-amd64)
# No core dump will be written. Minidumps are not enabled by default on client versions of Windows
#

---------------  S U M M A R Y ------------

Command Line: --module-path=D:\JAVA\javafx-sdk-15.0.1\lib --add-modules=javafx.controls,javafx.fxml -Dfile.encoding=UTF-8 com.diego.FinDeCicloDGM.Lanzador

Host: Intel(R) Core(TM) i3-7020U CPU @ 2.30GHz, 4 cores, 7G,  Windows 10 , 64 bit Build 18362 (10.0.18362.1350)
Time: Fri Apr 16 18:14:00 2021 Hora de verano romance elapsed time: 13 seconds (0d 0h 0m 13s)

---------------  T H R E A D  ---------------

Current thread (0x000002077b4a5800):  JavaThread "C2 CompilerThread1" daemon [_thread_in_native, id=18320, stack(0x000000ccb7200000,0x000000ccb7300000)]


Current CompileTask:
C2:  13862 4089       4       jdk.internal.loader.URLClassPath::getResource (74 bytes)

Stack: [0x000000ccb7200000,0x000000ccb7300000]
Native frames: (J=compiled Java code, j=interpreted, Vv=VM code, C=native code)
V  [jvm.dll+0x601aea]
V  [jvm.dll+0x737fef]
V  [jvm.dll+0x739675]
V  [jvm.dll+0x739cf3]
V  [jvm.dll+0x242848]
V  [jvm.dll+0xb999c]
V  [jvm.dll+0xb9f2c]
V  [jvm.dll+0x344162]
V  [jvm.dll+0x193291]
V  [jvm.dll+0x1fc3f2]
V  [jvm.dll+0x1fb49f]
V  [jvm.dll+0x17e0fc]
V  [jvm.dll+0x20aaa4]
V  [jvm.dll+0x208b7b]
V  [jvm.dll+0x6ff90c]
V  [jvm.dll+0x6f845c]
V  [jvm.dll+0x600d66]
C  [ucrtbase.dll+0x210b2]
C  [KERNEL32.DLL+0x17c24]
C  [ntdll.dll+0x6d721]


---------------  P R O C E S S  ---------------

Threads class SMR info:
_java_thread_list=0x000002077b29be30, length=20, elements={
0x0000020769eec800, 0x0000020779306800, 0x0000020779312800, 0x0000020779ca2800,
0x0000020779ca3000, 0x000002077931d000, 0x0000020779327800, 0x0000020779333000,
0x0000020779dd4800, 0x000002077aa06800, 0x000002077a308000, 0x000002077acb8000,
0x000002077a819000, 0x000002077acdd800, 0x000002077acde800, 0x000002077b6da000,
0x000002077abb9800, 0x000002077b363800, 0x000002077b4a5800, 0x000002077a9be000
}

Java Threads: ( => current thread )
  0x0000020769eec800 JavaThread "main" [_thread_blocked, id=11004, stack(0x000000ccb4f00000,0x000000ccb5000000)]
  0x0000020779306800 JavaThread "Reference Handler" daemon [_thread_blocked, id=15664, stack(0x000000ccb5600000,0x000000ccb5700000)]
  0x0000020779312800 JavaThread "Finalizer" daemon [_thread_blocked, id=13808, stack(0x000000ccb5700000,0x000000ccb5800000)]
  0x0000020779ca2800 JavaThread "Signal Dispatcher" daemon [_thread_blocked, id=18920, stack(0x000000ccb5800000,0x000000ccb5900000)]
  0x0000020779ca3000 JavaThread "Attach Listener" daemon [_thread_blocked, id=18316, stack(0x000000ccb5900000,0x000000ccb5a00000)]
  0x000002077931d000 JavaThread "C2 CompilerThread0" daemon [_thread_in_native, id=5492, stack(0x000000ccb5a00000,0x000000ccb5b00000)]
  0x0000020779327800 JavaThread "C1 CompilerThread0" daemon [_thread_blocked, id=4376, stack(0x000000ccb5b00000,0x000000ccb5c00000)]
  0x0000020779333000 JavaThread "Sweeper thread" daemon [_thread_blocked, id=13328, stack(0x000000ccb5c00000,0x000000ccb5d00000)]
  0x0000020779dd4800 JavaThread "Common-Cleaner" daemon [_thread_blocked, id=18596, stack(0x000000ccb5d00000,0x000000ccb5e00000)]
  0x000002077aa06800 JavaThread "Service Thread" daemon [_thread_blocked, id=17752, stack(0x000000ccb5f00000,0x000000ccb6000000)]
  0x000002077a308000 JavaThread "QuantumRenderer-0" daemon [_thread_in_native, id=6468, stack(0x000000ccb6100000,0x000000ccb6200000)]
  0x000002077acb8000 JavaThread "InvokeLaterDispatcher" daemon [_thread_blocked, id=19740, stack(0x000000ccb6500000,0x000000ccb6600000)]
  0x000002077a819000 JavaThread "JavaFX Application Thread" [_thread_in_native, id=11808, stack(0x000000ccb6600000,0x000000ccb6700000)]
  0x000002077acdd800 JavaThread "Thread-1" daemon [_thread_in_native, id=5068, stack(0x000000ccb5e00000,0x000000ccb5f00000)]
  0x000002077acde800 JavaThread "JavaFX-Launcher" [_thread_blocked, id=8840, stack(0x000000ccb6a00000,0x000000ccb6b00000)]
  0x000002077b6da000 JavaThread "Prism Font Disposer" daemon [_thread_blocked, id=18064, stack(0x000000ccb7000000,0x000000ccb7100000)]
  0x000002077abb9800 JavaThread "Cleaner-0" daemon [_thread_blocked, id=12024, stack(0x000000ccb7100000,0x000000ccb7200000)]
  0x000002077b363800 JavaThread "Thread-3" [_thread_in_vm, id=16572, stack(0x000000ccb6b00000,0x000000ccb6c00000)]
=>0x000002077b4a5800 JavaThread "C2 CompilerThread1" daemon [_thread_in_native, id=18320, stack(0x000000ccb7200000,0x000000ccb7300000)]
  0x000002077a9be000 JavaThread "mysql-cj-abandoned-connection-cleanup" daemon [_thread_blocked, id=17960, stack(0x000000ccb7300000,0x000000ccb7400000)]

Other Threads:
  0x00000207792e2000 VMThread "VM Thread" [stack: 0x000000ccb5500000,0x000000ccb5600000] [id=4672]
  0x000002077aa84000 WatcherThread [stack: 0x000000ccb6000000,0x000000ccb6100000] [id=19556]
  0x0000020769f00000 GCTaskThread "GC Thread#0" [stack: 0x000000ccb5000000,0x000000ccb5100000] [id=17452]
  0x000002077a80a800 GCTaskThread "GC Thread#1" [stack: 0x000000ccb6300000,0x000000ccb6400000] [id=12020]
  0x000002077acfc000 GCTaskThread "GC Thread#2" [stack: 0x000000ccb6400000,0x000000ccb6500000] [id=15680]
  0x000002077b7ed000 GCTaskThread "GC Thread#3" [stack: 0x000000ccb6f00000,0x000000ccb7000000] [id=17620]
  0x0000020769f2f000 ConcurrentGCThread "G1 Main Marker" [stack: 0x000000ccb5100000,0x000000ccb5200000] [id=8396]
  0x0000020769f30800 ConcurrentGCThread "G1 Conc#0" [stack: 0x000000ccb5200000,0x000000ccb5300000] [id=6304]
  0x0000020779150800 ConcurrentGCThread "G1 Refine#0" [stack: 0x000000ccb5300000,0x000000ccb5400000] [id=8040]
  0x0000020769fb9800 ConcurrentGCThread "G1 Young RemSet Sampling" [stack: 0x000000ccb5400000,0x000000ccb5500000] [id=20028]

Threads with active compile tasks:
C2 CompilerThread0  13937 4111       4       com.sun.marlin.DRenderer::_endRendering (2473 bytes)
C2 CompilerThread1  13937 4089       4       jdk.internal.loader.URLClassPath::getResource (74 bytes)

VM state:not at safepoint (normal execution)

VM Mutex/Monitor currently owned by a thread: None

Heap address: 0x0000000081c00000, size: 2020 MB, Compressed Oops mode: 32-bit
Narrow klass base: 0x0000000000000000, Narrow klass shift: 3
Compressed class space size: 1073741824 Address: 0x0000000100000000

Heap:
 garbage-first heap   total 131072K, used 38089K [0x0000000081c00000, 0x0000000100000000)
  region size 1024K, 9 young (9216K), 1 survivors (1024K)
 Metaspace       used 36959K, capacity 37995K, committed 38140K, reserved 1085440K
  class space    used 4811K, capacity 5265K, committed 5372K, reserved 1048576K
Heap Regions: E=young(eden), S=young(survivor), O=old, HS=humongous(starts), HC=humongous(continues), CS=collection set, F=free, A=archive, TAMS=top-at-mark-start (previous, next)
|   0|0x0000000081c00000, 0x0000000081d00000, 0x0000000081d00000|100%|HS|  |TAMS 0x0000000081d00000, 0x0000000081c00000| Complete 
|   1|0x0000000081d00000, 0x0000000081e00000, 0x0000000081e00000|100%|HS|  |TAMS 0x0000000081e00000, 0x0000000081d00000| Complete 
|   2|0x0000000081e00000, 0x0000000081f00000, 0x0000000081f00000|100%|HC|  |TAMS 0x0000000081f00000, 0x0000000081e00000| Complete 
|   3|0x0000000081f00000, 0x0000000082000000, 0x0000000082000000|100%|HS|  |TAMS 0x0000000082000000, 0x0000000081f00000| Complete 
|   4|0x0000000082000000, 0x0000000082100000, 0x0000000082100000|100%|HS|  |TAMS 0x0000000082100000, 0x0000000082000000| Complete 
|   5|0x0000000082100000, 0x0000000082200000, 0x0000000082200000|100%|HC|  |TAMS 0x0000000082200000, 0x0000000082100000| Complete 
|   6|0x0000000082200000, 0x0000000082300000, 0x0000000082300000|100%|HS|  |TAMS 0x0000000082300000, 0x0000000082200000| Complete 
|   7|0x0000000082300000, 0x0000000082400000, 0x0000000082400000|100%|HC|  |TAMS 0x0000000082400000, 0x0000000082300000| Complete 
|   8|0x0000000082400000, 0x0000000082500000, 0x0000000082500000|100%|HS|  |TAMS 0x0000000082500000, 0x0000000082400000| Complete 
|   9|0x0000000082500000, 0x0000000082600000, 0x0000000082600000|100%|HC|  |TAMS 0x0000000082600000, 0x0000000082500000| Complete 
|  10|0x0000000082600000, 0x0000000082700000, 0x0000000082700000|100%|HS|  |TAMS 0x0000000082700000, 0x0000000082600000| Complete 
|  11|0x0000000082700000, 0x0000000082800000, 0x0000000082800000|100%|HC|  |TAMS 0x0000000082800000, 0x0000000082700000| Complete 
|  12|0x0000000082800000, 0x0000000082900000, 0x0000000082900000|100%| O|  |TAMS 0x0000000082900000, 0x0000000082800000| Untracked 
|  13|0x0000000082900000, 0x0000000082a00000, 0x0000000082a00000|100%| O|  |TAMS 0x0000000082a00000, 0x0000000082900000| Untracked 
|  14|0x0000000082a00000, 0x0000000082b00000, 0x0000000082b00000|100%| O|  |TAMS 0x0000000082b00000, 0x0000000082a00000| Untracked 
|  15|0x0000000082b00000, 0x0000000082c00000, 0x0000000082c00000|100%| O|  |TAMS 0x0000000082c00000, 0x0000000082b00000| Untracked 
|  16|0x0000000082c00000, 0x0000000082d00000, 0x0000000082d00000|100%| O|  |TAMS 0x0000000082d00000, 0x0000000082c00000| Untracked 
|  17|0x0000000082d00000, 0x0000000082e00000, 0x0000000082e00000|100%| O|  |TAMS 0x0000000082e00000, 0x0000000082d00000| Untracked 
|  18|0x0000000082e00000, 0x0000000082f00000, 0x0000000082f00000|100%| O|  |TAMS 0x0000000082f00000, 0x0000000082e00000| Untracked 
|  19|0x0000000082f00000, 0x0000000083000000, 0x0000000083000000|100%| O|  |TAMS 0x0000000083000000, 0x0000000082f00000| Untracked 
|  20|0x0000000083000000, 0x0000000083100000, 0x0000000083100000|100%| O|  |TAMS 0x0000000083100000, 0x0000000083000000| Untracked 
|  21|0x0000000083100000, 0x0000000083200000, 0x0000000083200000|100%|HS|  |TAMS 0x0000000083200000, 0x0000000083100000| Complete 
|  22|0x0000000083200000, 0x0000000083300000, 0x0000000083300000|100%|HC|  |TAMS 0x0000000083300000, 0x0000000083200000| Complete 
|  23|0x0000000083300000, 0x0000000083400000, 0x0000000083400000|100%|HC|  |TAMS 0x0000000083400000, 0x0000000083300000| Complete 
|  24|0x0000000083400000, 0x0000000083500000, 0x0000000083500000|100%|HS|  |TAMS 0x0000000083500000, 0x0000000083400000| Complete 
|  25|0x0000000083500000, 0x0000000083600000, 0x0000000083600000|100%|HC|  |TAMS 0x0000000083600000, 0x0000000083500000| Complete 
|  26|0x0000000083600000, 0x0000000083700000, 0x0000000083700000|100%| O|  |TAMS 0x0000000083700000, 0x0000000083600000| Untracked 
|  27|0x0000000083700000, 0x0000000083800000, 0x0000000083800000|100%| O|  |TAMS 0x0000000083800000, 0x0000000083700000| Untracked 
|  28|0x0000000083800000, 0x0000000083900000, 0x0000000083900000|100%| O|  |TAMS 0x0000000083900000, 0x0000000083800000| Untracked 
|  29|0x0000000083900000, 0x000000008397bc00, 0x0000000083a00000| 48%| O|  |TAMS 0x000000008397bc00, 0x0000000083900000| Untracked 
|  30|0x0000000083a00000, 0x0000000083a00000, 0x0000000083b00000|  0%| F|  |TAMS 0x0000000083a00000, 0x0000000083a00000| Untracked 
|  31|0x0000000083b00000, 0x0000000083b00000, 0x0000000083c00000|  0%| F|  |TAMS 0x0000000083b00000, 0x0000000083b00000| Untracked 
|  32|0x0000000083c00000, 0x0000000083c00000, 0x0000000083d00000|  0%| F|  |TAMS 0x0000000083c00000, 0x0000000083c00000| Untracked 
|  33|0x0000000083d00000, 0x0000000083d00000, 0x0000000083e00000|  0%| F|  |TAMS 0x0000000083d00000, 0x0000000083d00000| Untracked 
|  34|0x0000000083e00000, 0x0000000083e00000, 0x0000000083f00000|  0%| F|  |TAMS 0x0000000083e00000, 0x0000000083e00000| Untracked 
|  35|0x0000000083f00000, 0x0000000083f00000, 0x0000000084000000|  0%| F|  |TAMS 0x0000000083f00000, 0x0000000083f00000| Untracked 
|  36|0x0000000084000000, 0x0000000084000000, 0x0000000084100000|  0%| F|  |TAMS 0x0000000084000000, 0x0000000084000000| Untracked 
|  37|0x0000000084100000, 0x0000000084100000, 0x0000000084200000|  0%| F|  |TAMS 0x0000000084100000, 0x0000000084100000| Untracked 
|  38|0x0000000084200000, 0x0000000084200000, 0x0000000084300000|  0%| F|  |TAMS 0x0000000084200000, 0x0000000084200000| Untracked 
|  39|0x0000000084300000, 0x0000000084300000, 0x0000000084400000|  0%| F|  |TAMS 0x0000000084300000, 0x0000000084300000| Untracked 
|  40|0x0000000084400000, 0x0000000084400000, 0x0000000084500000|  0%| F|  |TAMS 0x0000000084400000, 0x0000000084400000| Untracked 
|  41|0x0000000084500000, 0x0000000084500000, 0x0000000084600000|  0%| F|  |TAMS 0x0000000084500000, 0x0000000084500000| Untracked 
|  42|0x0000000084600000, 0x0000000084600000, 0x0000000084700000|  0%| F|  |TAMS 0x0000000084600000, 0x0000000084600000| Untracked 
|  43|0x0000000084700000, 0x0000000084700000, 0x0000000084800000|  0%| F|  |TAMS 0x0000000084700000, 0x0000000084700000| Untracked 
|  44|0x0000000084800000, 0x0000000084800000, 0x0000000084900000|  0%| F|  |TAMS 0x0000000084800000, 0x0000000084800000| Untracked 
|  45|0x0000000084900000, 0x0000000084900000, 0x0000000084a00000|  0%| F|  |TAMS 0x0000000084900000, 0x0000000084900000| Untracked 
|  46|0x0000000084a00000, 0x0000000084a00000, 0x0000000084b00000|  0%| F|  |TAMS 0x0000000084a00000, 0x0000000084a00000| Untracked 
|  47|0x0000000084b00000, 0x0000000084b00000, 0x0000000084c00000|  0%| F|  |TAMS 0x0000000084b00000, 0x0000000084b00000| Untracked 
|  48|0x0000000084c00000, 0x0000000084c00000, 0x0000000084d00000|  0%| F|  |TAMS 0x0000000084c00000, 0x0000000084c00000| Untracked 
|  49|0x0000000084d00000, 0x0000000084d00000, 0x0000000084e00000|  0%| F|  |TAMS 0x0000000084d00000, 0x0000000084d00000| Untracked 
|  50|0x0000000084e00000, 0x0000000084e00000, 0x0000000084f00000|  0%| F|  |TAMS 0x0000000084e00000, 0x0000000084e00000| Untracked 
|  51|0x0000000084f00000, 0x0000000084f00000, 0x0000000085000000|  0%| F|  |TAMS 0x0000000084f00000, 0x0000000084f00000| Untracked 
|  52|0x0000000085000000, 0x0000000085000000, 0x0000000085100000|  0%| F|  |TAMS 0x0000000085000000, 0x0000000085000000| Untracked 
|  53|0x0000000085100000, 0x0000000085100000, 0x0000000085200000|  0%| F|  |TAMS 0x0000000085100000, 0x0000000085100000| Untracked 
|  54|0x0000000085200000, 0x0000000085200000, 0x0000000085300000|  0%| F|  |TAMS 0x0000000085200000, 0x0000000085200000| Untracked 
|  55|0x0000000085300000, 0x0000000085300000, 0x0000000085400000|  0%| F|  |TAMS 0x0000000085300000, 0x0000000085300000| Untracked 
|  56|0x0000000085400000, 0x0000000085400000, 0x0000000085500000|  0%| F|  |TAMS 0x0000000085400000, 0x0000000085400000| Untracked 
|  57|0x0000000085500000, 0x0000000085500000, 0x0000000085600000|  0%| F|  |TAMS 0x0000000085500000, 0x0000000085500000| Untracked 
|  58|0x0000000085600000, 0x0000000085600000, 0x0000000085700000|  0%| F|  |TAMS 0x0000000085600000, 0x0000000085600000| Untracked 
|  59|0x0000000085700000, 0x0000000085700000, 0x0000000085800000|  0%| F|  |TAMS 0x0000000085700000, 0x0000000085700000| Untracked 
|  60|0x0000000085800000, 0x0000000085800000, 0x0000000085900000|  0%| F|  |TAMS 0x0000000085800000, 0x0000000085800000| Untracked 
|  61|0x0000000085900000, 0x0000000085900000, 0x0000000085a00000|  0%| F|  |TAMS 0x0000000085900000, 0x0000000085900000| Untracked 
|  62|0x0000000085a00000, 0x0000000085a00000, 0x0000000085b00000|  0%| F|  |TAMS 0x0000000085a00000, 0x0000000085a00000| Untracked 
|  63|0x0000000085b00000, 0x0000000085b00000, 0x0000000085c00000|  0%| F|  |TAMS 0x0000000085b00000, 0x0000000085b00000| Untracked 
|  64|0x0000000085c00000, 0x0000000085c00000, 0x0000000085d00000|  0%| F|  |TAMS 0x0000000085c00000, 0x0000000085c00000| Untracked 
|  65|0x0000000085d00000, 0x0000000085d00000, 0x0000000085e00000|  0%| F|  |TAMS 0x0000000085d00000, 0x0000000085d00000| Untracked 
|  66|0x0000000085e00000, 0x0000000085e00000, 0x0000000085f00000|  0%| F|  |TAMS 0x0000000085e00000, 0x0000000085e00000| Untracked 
|  67|0x0000000085f00000, 0x0000000085f00000, 0x0000000086000000|  0%| F|  |TAMS 0x0000000085f00000, 0x0000000085f00000| Untracked 
|  68|0x0000000086000000, 0x0000000086000000, 0x0000000086100000|  0%| F|  |TAMS 0x0000000086000000, 0x0000000086000000| Untracked 
|  69|0x0000000086100000, 0x0000000086100000, 0x0000000086200000|  0%| F|  |TAMS 0x0000000086100000, 0x0000000086100000| Untracked 
|  70|0x0000000086200000, 0x0000000086200000, 0x0000000086300000|  0%| F|  |TAMS 0x0000000086200000, 0x0000000086200000| Untracked 
|  71|0x0000000086300000, 0x0000000086300000, 0x0000000086400000|  0%| F|  |TAMS 0x0000000086300000, 0x0000000086300000| Untracked 
|  72|0x0000000086400000, 0x0000000086400000, 0x0000000086500000|  0%| F|  |TAMS 0x0000000086400000, 0x0000000086400000| Untracked 
|  73|0x0000000086500000, 0x0000000086500000, 0x0000000086600000|  0%| F|  |TAMS 0x0000000086500000, 0x0000000086500000| Untracked 
|  74|0x0000000086600000, 0x0000000086600000, 0x0000000086700000|  0%| F|  |TAMS 0x0000000086600000, 0x0000000086600000| Untracked 
|  75|0x0000000086700000, 0x0000000086700000, 0x0000000086800000|  0%| F|  |TAMS 0x0000000086700000, 0x0000000086700000| Untracked 
|  76|0x0000000086800000, 0x0000000086800000, 0x0000000086900000|  0%| F|  |TAMS 0x0000000086800000, 0x0000000086800000| Untracked 
|  77|0x0000000086900000, 0x0000000086900000, 0x0000000086a00000|  0%| F|  |TAMS 0x0000000086900000, 0x0000000086900000| Untracked 
|  78|0x0000000086a00000, 0x0000000086a00000, 0x0000000086b00000|  0%| F|  |TAMS 0x0000000086a00000, 0x0000000086a00000| Untracked 
|  79|0x0000000086b00000, 0x0000000086b00000, 0x0000000086c00000|  0%| F|  |TAMS 0x0000000086b00000, 0x0000000086b00000| Untracked 
|  80|0x0000000086c00000, 0x0000000086c00000, 0x0000000086d00000|  0%| F|  |TAMS 0x0000000086c00000, 0x0000000086c00000| Untracked 
|  81|0x0000000086d00000, 0x0000000086d00000, 0x0000000086e00000|  0%| F|  |TAMS 0x0000000086d00000, 0x0000000086d00000| Untracked 
|  82|0x0000000086e00000, 0x0000000086e00000, 0x0000000086f00000|  0%| F|  |TAMS 0x0000000086e00000, 0x0000000086e00000| Untracked 
|  83|0x0000000086f00000, 0x0000000086f00000, 0x0000000087000000|  0%| F|  |TAMS 0x0000000086f00000, 0x0000000086f00000| Untracked 
|  84|0x0000000087000000, 0x0000000087000000, 0x0000000087100000|  0%| F|  |TAMS 0x0000000087000000, 0x0000000087000000| Untracked 
|  85|0x0000000087100000, 0x0000000087100000, 0x0000000087200000|  0%| F|  |TAMS 0x0000000087100000, 0x0000000087100000| Untracked 
|  86|0x0000000087200000, 0x0000000087200000, 0x0000000087300000|  0%| F|  |TAMS 0x0000000087200000, 0x0000000087200000| Untracked 
|  87|0x0000000087300000, 0x0000000087300000, 0x0000000087400000|  0%| F|  |TAMS 0x0000000087300000, 0x0000000087300000| Untracked 
|  88|0x0000000087400000, 0x0000000087400000, 0x0000000087500000|  0%| F|  |TAMS 0x0000000087400000, 0x0000000087400000| Untracked 
|  89|0x0000000087500000, 0x0000000087500000, 0x0000000087600000|  0%| F|  |TAMS 0x0000000087500000, 0x0000000087500000| Untracked 
|  90|0x0000000087600000, 0x0000000087600000, 0x0000000087700000|  0%| F|  |TAMS 0x0000000087600000, 0x0000000087600000| Untracked 
|  91|0x0000000087700000, 0x0000000087700000, 0x0000000087800000|  0%| F|  |TAMS 0x0000000087700000, 0x0000000087700000| Untracked 
|  92|0x0000000087800000, 0x0000000087800000, 0x0000000087900000|  0%| F|  |TAMS 0x0000000087800000, 0x0000000087800000| Untracked 
|  93|0x0000000087900000, 0x0000000087900000, 0x0000000087a00000|  0%| F|  |TAMS 0x0000000087900000, 0x0000000087900000| Untracked 
|  94|0x0000000087a00000, 0x0000000087a00000, 0x0000000087b00000|  0%| F|  |TAMS 0x0000000087a00000, 0x0000000087a00000| Untracked 
|  95|0x0000000087b00000, 0x0000000087b00000, 0x0000000087c00000|  0%| F|  |TAMS 0x0000000087b00000, 0x0000000087b00000| Untracked 
|  96|0x0000000087c00000, 0x0000000087c00000, 0x0000000087d00000|  0%| F|  |TAMS 0x0000000087c00000, 0x0000000087c00000| Untracked 
|  97|0x0000000087d00000, 0x0000000087d00000, 0x0000000087e00000|  0%| F|  |TAMS 0x0000000087d00000, 0x0000000087d00000| Untracked 
|  98|0x0000000087e00000, 0x0000000087e00000, 0x0000000087f00000|  0%| F|  |TAMS 0x0000000087e00000, 0x0000000087e00000| Untracked 
|  99|0x0000000087f00000, 0x0000000087f00000, 0x0000000088000000|  0%| F|  |TAMS 0x0000000087f00000, 0x0000000087f00000| Untracked 
| 100|0x0000000088000000, 0x0000000088000000, 0x0000000088100000|  0%| F|  |TAMS 0x0000000088000000, 0x0000000088000000| Untracked 
| 101|0x0000000088100000, 0x0000000088100000, 0x0000000088200000|  0%| F|  |TAMS 0x0000000088100000, 0x0000000088100000| Untracked 
| 102|0x0000000088200000, 0x0000000088200000, 0x0000000088300000|  0%| F|  |TAMS 0x0000000088200000, 0x0000000088200000| Untracked 
| 103|0x0000000088300000, 0x0000000088300000, 0x0000000088400000|  0%| F|  |TAMS 0x0000000088300000, 0x0000000088300000| Untracked 
| 104|0x0000000088400000, 0x0000000088400000, 0x0000000088500000|  0%| F|  |TAMS 0x0000000088400000, 0x0000000088400000| Untracked 
| 105|0x0000000088500000, 0x0000000088500000, 0x0000000088600000|  0%| F|  |TAMS 0x0000000088500000, 0x0000000088500000| Untracked 
| 106|0x0000000088600000, 0x0000000088600000, 0x0000000088700000|  0%| F|  |TAMS 0x0000000088600000, 0x0000000088600000| Untracked 
| 107|0x0000000088700000, 0x0000000088700000, 0x0000000088800000|  0%| F|  |TAMS 0x0000000088700000, 0x0000000088700000| Untracked 
| 108|0x0000000088800000, 0x0000000088800000, 0x0000000088900000|  0%| F|  |TAMS 0x0000000088800000, 0x0000000088800000| Untracked 
| 109|0x0000000088900000, 0x0000000088900000, 0x0000000088a00000|  0%| F|  |TAMS 0x0000000088900000, 0x0000000088900000| Untracked 
| 110|0x0000000088a00000, 0x0000000088a00000, 0x0000000088b00000|  0%| F|  |TAMS 0x0000000088a00000, 0x0000000088a00000| Untracked 
| 111|0x0000000088b00000, 0x0000000088b00000, 0x0000000088c00000|  0%| F|  |TAMS 0x0000000088b00000, 0x0000000088b00000| Untracked 
| 112|0x0000000088c00000, 0x0000000088c00000, 0x0000000088d00000|  0%| F|  |TAMS 0x0000000088c00000, 0x0000000088c00000| Untracked 
| 113|0x0000000088d00000, 0x0000000088d00000, 0x0000000088e00000|  0%| F|  |TAMS 0x0000000088d00000, 0x0000000088d00000| Untracked 
| 114|0x0000000088e00000, 0x0000000088e00000, 0x0000000088f00000|  0%| F|  |TAMS 0x0000000088e00000, 0x0000000088e00000| Untracked 
| 115|0x0000000088f00000, 0x0000000088f00000, 0x0000000089000000|  0%| F|  |TAMS 0x0000000088f00000, 0x0000000088f00000| Untracked 
| 116|0x0000000089000000, 0x0000000089000000, 0x0000000089100000|  0%| F|  |TAMS 0x0000000089000000, 0x0000000089000000| Untracked 
| 117|0x0000000089100000, 0x00000000891b6940, 0x0000000089200000| 71%| S|CS|TAMS 0x0000000089100000, 0x0000000089100000| Complete 
| 118|0x0000000089200000, 0x0000000089200000, 0x0000000089300000|  0%| F|  |TAMS 0x0000000089200000, 0x0000000089200000| Untracked 
| 119|0x0000000089300000, 0x0000000089300000, 0x0000000089400000|  0%| F|  |TAMS 0x0000000089300000, 0x0000000089300000| Untracked 
| 120|0x0000000089400000, 0x0000000089500000, 0x0000000089500000|100%| E|  |TAMS 0x0000000089400000, 0x0000000089400000| Complete 
| 121|0x0000000089500000, 0x0000000089600000, 0x0000000089600000|100%| E|CS|TAMS 0x0000000089500000, 0x0000000089500000| Complete 
| 122|0x0000000089600000, 0x0000000089700000, 0x0000000089700000|100%| E|CS|TAMS 0x0000000089600000, 0x0000000089600000| Complete 
| 123|0x0000000089700000, 0x0000000089800000, 0x0000000089800000|100%| E|CS|TAMS 0x0000000089700000, 0x0000000089700000| Complete 
| 124|0x0000000089800000, 0x0000000089900000, 0x0000000089900000|100%| E|CS|TAMS 0x0000000089800000, 0x0000000089800000| Complete 
| 125|0x0000000089900000, 0x0000000089a00000, 0x0000000089a00000|100%| E|CS|TAMS 0x0000000089900000, 0x0000000089900000| Complete 
| 126|0x0000000089a00000, 0x0000000089b00000, 0x0000000089b00000|100%| E|CS|TAMS 0x0000000089a00000, 0x0000000089a00000| Complete 
| 127|0x0000000089b00000, 0x0000000089c00000, 0x0000000089c00000|100%| E|CS|TAMS 0x0000000089b00000, 0x0000000089b00000| Complete 

Card table byte_map: [0x00000207726f0000,0x0000020772af0000] _byte_map_base: 0x00000207722e2000

Marking Bits (Prev, Next): (CMBitMap*) 0x0000020769f26858, (CMBitMap*) 0x0000020769f26890
 Prev Bits: [0x0000020772ef0000, 0x0000020774e80000)
 Next Bits: [0x0000020774e80000, 0x0000020776e10000)

Polling page: 0x0000020767cf0000

Metaspace:

Usage:
  Non-class:     31.96 MB capacity,    31.40 MB ( 98%) used,   456.27 KB (  1%) free+waste,   125.25 KB ( <1%) overhead. 
      Class:      5.14 MB capacity,     4.70 MB ( 91%) used,   391.73 KB (  7%) free+waste,    62.13 KB (  1%) overhead. 
       Both:     37.10 MB capacity,    36.09 MB ( 97%) used,   847.99 KB (  2%) free+waste,   187.38 KB ( <1%) overhead. 

Virtual space:
  Non-class space:       36.00 MB reserved,      32.00 MB ( 89%) committed 
      Class space:        1.00 GB reserved,       5.25 MB ( <1%) committed 
             Both:        1.04 GB reserved,      37.25 MB (  4%) committed 

Chunk freelists:
   Non-Class:  4.75 KB
       Class:  1.88 KB
        Both:  6.63 KB

CodeHeap 'non-profiled nmethods': size=120064Kb used=1835Kb max_used=1835Kb free=118228Kb
 bounds [0x0000020707ac0000, 0x0000020707d30000, 0x000002070f000000]
CodeHeap 'profiled nmethods': size=120000Kb used=9206Kb max_used=9206Kb free=110794Kb
 bounds [0x0000020700590000, 0x0000020700e90000, 0x0000020707ac0000]
CodeHeap 'non-nmethods': size=5696Kb used=1388Kb max_used=1405Kb free=4307Kb
 bounds [0x0000020700000000, 0x0000020700270000, 0x0000020700590000]
 total_blobs=4986 nmethods=4142 adapters=753
 compilation: enabled
              stopped_count=0, restarted_count=0
 full_count=0

Compilation events (10 events):
Event: 13.828 Thread 0x0000020779327800 4154   !   3       jdk.internal.loader.BuiltinClassLoader$2::run (114 bytes)
Event: 13.829 Thread 0x0000020779327800 nmethod 4154 0x0000020700e89e90 code [0x0000020700e8a140, 0x0000020700e8afa0]
Event: 13.833 Thread 0x0000020779327800 4155       3       java.lang.Character::digit (6 bytes)
Event: 13.834 Thread 0x0000020779327800 nmethod 4155 0x0000020700e8b490 code [0x0000020700e8b660, 0x0000020700e8b900]
Event: 13.834 Thread 0x0000020779327800 4156       3       java.lang.Character::digit (10 bytes)
Event: 13.834 Thread 0x0000020779327800 nmethod 4156 0x0000020700e8ba10 code [0x0000020700e8bbc0, 0x0000020700e8be00]
Event: 13.834 Thread 0x0000020779327800 4157       3       java.lang.CharacterDataLatin1::digit (32 bytes)
Event: 13.834 Thread 0x0000020779327800 nmethod 4157 0x0000020700e8bf10 code [0x0000020700e8c0c0, 0x0000020700e8c358]
Event: 13.836 Thread 0x0000020779327800 4158       3       java.util.Collection::stream (11 bytes)
Event: 13.836 Thread 0x0000020779327800 nmethod 4158 0x0000020700e8c490 code [0x0000020700e8c6a0, 0x0000020700e8cc40]

GC Heap History (10 events):
Event: 1.656 GC heap before
{Heap before GC invocations=0 (full 0):
 garbage-first heap   total 131072K, used 14336K [0x0000000081c00000, 0x0000000100000000)
  region size 1024K, 14 young (14336K), 0 survivors (0K)
 Metaspace       used 8923K, capacity 9221K, committed 9472K, reserved 1058816K
  class space    used 899K, capacity 1024K, committed 1024K, reserved 1048576K
}
Event: 1.665 GC heap after
{Heap after GC invocations=1 (full 0):
 garbage-first heap   total 131072K, used 1870K [0x0000000081c00000, 0x0000000100000000)
  region size 1024K, 2 young (2048K), 2 survivors (2048K)
 Metaspace       used 8923K, capacity 9221K, committed 9472K, reserved 1058816K
  class space    used 899K, capacity 1024K, committed 1024K, reserved 1048576K
}
Event: 4.048 GC heap before
{Heap before GC invocations=1 (full 0):
 garbage-first heap   total 131072K, used 88910K [0x0000000081c00000, 0x0000000100000000)
  region size 1024K, 76 young (77824K), 2 survivors (2048K)
 Metaspace       used 20346K, capacity 21005K, committed 21248K, reserved 1067008K
  class space    used 2495K, capacity 2753K, committed 2816K, reserved 1048576K
}
Event: 4.065 GC heap after
{Heap after GC invocations=2 (full 0):
 garbage-first heap   total 131072K, used 20480K [0x0000000081c00000, 0x0000000100000000)
  region size 1024K, 8 young (8192K), 8 survivors (8192K)
 Metaspace       used 20346K, capacity 21005K, committed 21248K, reserved 1067008K
  class space    used 2495K, capacity 2753K, committed 2816K, reserved 1048576K
}
Event: 4.093 GC heap before
{Heap before GC invocations=2 (full 0):
 garbage-first heap   total 131072K, used 21504K [0x0000000081c00000, 0x0000000100000000)
  region size 1024K, 10 young (10240K), 8 survivors (8192K)
 Metaspace       used 20523K, capacity 21133K, committed 21248K, reserved 1067008K
  class space    used 2510K, capacity 2753K, committed 2816K, reserved 1048576K
}
Event: 4.109 GC heap after
{Heap after GC invocations=3 (full 0):
 garbage-first heap   total 131072K, used 21571K [0x0000000081c00000, 0x0000000100000000)
  region size 1024K, 1 young (1024K), 1 survivors (1024K)
 Metaspace       used 20523K, capacity 21133K, committed 21248K, reserved 1067008K
  class space    used 2510K, capacity 2753K, committed 2816K, reserved 1048576K
}
Event: 12.504 GC heap before
{Heap before GC invocations=4 (full 0):
 garbage-first heap   total 131072K, used 66627K [0x0000000081c00000, 0x0000000100000000)
  region size 1024K, 41 young (41984K), 1 survivors (1024K)
 Metaspace       used 31069K, capacity 32092K, committed 32124K, reserved 1077248K
  class space    used 4012K, capacity 4447K, committed 4476K, reserved 1048576K
}
Event: 12.514 GC heap after
{Heap after GC invocations=5 (full 0):
 garbage-first heap   total 131072K, used 30256K [0x0000000081c00000, 0x0000000100000000)
  region size 1024K, 5 young (5120K), 5 survivors (5120K)
 Metaspace       used 31069K, capacity 32092K, committed 32124K, reserved 1077248K
  class space    used 4012K, capacity 4447K, committed 4476K, reserved 1048576K
}
Event: 13.502 GC heap before
{Heap before GC invocations=5 (full 0):
 garbage-first heap   total 131072K, used 39472K [0x0000000081c00000, 0x0000000100000000)
  region size 1024K, 15 young (15360K), 5 survivors (5120K)
 Metaspace       used 34872K, capacity 35916K, committed 35964K, reserved 1081344K
  class space    used 4507K, capacity 4952K, committed 4988K, reserved 1048576K
}
Event: 13.513 GC heap after
{Heap after GC invocations=6 (full 0):
 garbage-first heap   total 131072K, used 30921K [0x0000000081c00000, 0x0000000100000000)
  region size 1024K, 1 young (1024K), 1 survivors (1024K)
 Metaspace       used 34872K, capacity 35916K, committed 35964K, reserved 1081344K
  class space    used 4507K, capacity 4952K, committed 4988K, reserved 1048576K
}

Deoptimization events (10 events):
Event: 11.882 Thread 0x000002077b363800 Uncommon trap: reason=class_check action=maybe_recompile pc=0x0000020707b7611c method=java.util.HashMap.putVal(ILjava/lang/Object;Ljava/lang/Object;ZZ)Ljava/lang/Object; @ 253 c2
Event: 11.883 Thread 0x000002077b363800 Uncommon trap: reason=bimorphic_or_optimized_type_check action=maybe_recompile pc=0x0000020707b7636c method=java.util.HashMap.putVal(ILjava/lang/Object;Ljava/lang/Object;ZZ)Ljava/lang/Object; @ 203 c2
Event: 12.330 Thread 0x000002077a308000 Uncommon trap: reason=unstable_if action=reinterpret pc=0x0000020707c2a9d8 method=com.sun.marlin.DHelpers.outcode(DD[D)I @ 6 c2
Event: 12.470 Thread 0x000002077b363800 Uncommon trap: reason=profile_predicate action=maybe_recompile pc=0x0000020707c1a650 method=java.lang.PublicMethods$MethodList.filter([Ljava/lang/reflect/Method;Ljava/lang/String;[Ljava/lang/Class;Z)Ljava/lang/PublicMethods$MethodList; @ 17 c2
Event: 12.762 Thread 0x000002077a308000 Uncommon trap: reason=unstable_if action=reinterpret pc=0x0000020707c4aaa0 method=com.sun.marlin.DRenderer._endRendering(IILcom/sun/marlin/MarlinAlphaConsumer;)V @ 1956 c2
Event: 12.781 Thread 0x000002077b363800 Uncommon trap: reason=unstable_if action=reinterpret pc=0x0000020707c0cc5c method=java.lang.ThreadLocal$ThreadLocalMap.getEntry(Ljava/lang/ThreadLocal;)Ljava/lang/ThreadLocal$ThreadLocalMap$Entry; @ 29 c2
Event: 12.832 Thread 0x000002077b363800 Uncommon trap: reason=unstable_if action=reinterpret pc=0x0000020707b562f4 method=java.util.concurrent.ConcurrentHashMap.get(Ljava/lang/Object;)Ljava/lang/Object; @ 76 c2
Event: 13.414 Thread 0x000002077b363800 Uncommon trap: reason=unstable_if action=reinterpret pc=0x0000020707c22a80 method=java.io.WinNTFileSystem.normalize(Ljava/lang/String;)Ljava/lang/String; @ 128 c2
Event: 13.494 Thread 0x000002077a308000 Uncommon trap: reason=unstable_if action=reinterpret pc=0x0000020707c791c8 method=com.sun.marlin.DRenderer._endRendering(IILcom/sun/marlin/MarlinAlphaConsumer;)V @ 1978 c2
Event: 13.751 Thread 0x000002077a9be000 Uncommon trap: reason=unstable_if action=reinterpret pc=0x0000020707b2c9fc method=java.util.zip.ZipFile$Source.getEntryPos([BZ)I @ 145 c2

Classes redefined (0 events):
No events

Internal exceptions (10 events):
Event: 4.660 Thread 0x000002077a819000 Exception <a 'java/lang/NoSuchMethodError'{0x0000000088dc5f70}: java.lang.invoke.Invokers$Holder.linkToTargetMethod(Ljava/lang/Object;JLjava/lang/Object;)Ljava/lang/Object;> (0x0000000088dc5f70) thrown at [./open/src/hotspot/share/interpreter/linkResolver
Event: 4.731 Thread 0x000002077a308000 Exception <a 'java/lang/NoSuchMethodError'{0x0000000088c97fd0}: java.lang.invoke.DirectMethodHandle$Holder.invokeStaticInit(Ljava/lang/Object;Ljava/lang/Object;)I> (0x0000000088c97fd0) thrown at [./open/src/hotspot/share/interpreter/linkResolver.cpp, line
Event: 11.489 Thread 0x000002077b363800 Exception <a 'java/lang/NoSuchMethodError'{0x000000008837f580}: java.lang.invoke.DirectMethodHandle$Holder.invokeStatic(Ljava/lang/Object;ILjava/lang/Object;)Ljava/lang/Object;> (0x000000008837f580) thrown at [./open/src/hotspot/share/interpreter/linkReso
Event: 12.206 Thread 0x000002077b363800 Exception <a 'java/lang/NullPointerException'{0x00000000878deae0}> (0x00000000878deae0) thrown at [./open/src/hotspot/share/interpreter/linkResolver.cpp, line 1436]
Event: 12.685 Thread 0x000002077b363800 Exception <a 'java/lang/ClassNotFoundException'{0x00000000898d8fe8}: com/sun/org/apache/xerces/internal/impl/xpath/regex/spi/messageProvider> (0x00000000898d8fe8) thrown at [./open/src/hotspot/share/classfile/systemDictionary.cpp, line 228]
Event: 12.926 Thread 0x000002077b363800 Exception <a 'java/lang/NoSuchMethodError'{0x0000000089454ce0}: java.lang.invoke.DirectMethodHandle$Holder.invokeStatic(Ljava/lang/Object;IIII)Ljava/lang/Object;> (0x0000000089454ce0) thrown at [./open/src/hotspot/share/interpreter/linkResolver.cpp, line 
Event: 12.927 Thread 0x000002077b363800 Exception <a 'java/lang/NoSuchMethodError'{0x0000000089457df8}: java.lang.invoke.DirectMethodHandle$Holder.invokeStaticInit(Ljava/lang/Object;IIII)Ljava/lang/Object;> (0x0000000089457df8) thrown at [./open/src/hotspot/share/interpreter/linkResolver.cpp, l
Event: 13.444 Thread 0x000002077b363800 Exception <a 'java/lang/NoSuchMethodError'{0x000000008949f188}: java.lang.invoke.DirectMethodHandle$Holder.invokeStatic(Ljava/lang/Object;Ljava/lang/Object;IIII)Ljava/lang/Object;> (0x000000008949f188) thrown at [./open/src/hotspot/share/interpreter/linkR
Event: 13.445 Thread 0x000002077b363800 Exception <a 'java/lang/NoSuchMethodError'{0x00000000894a24d0}: java.lang.invoke.DirectMethodHandle$Holder.invokeStaticInit(Ljava/lang/Object;Ljava/lang/Object;IIII)Ljava/lang/Object;> (0x00000000894a24d0) thrown at [./open/src/hotspot/share/interpreter/l
Event: 13.836 Thread 0x000002077b363800 Exception <a 'java/lang/NoSuchMethodError'{0x00000000895dd1e8}: java.lang.invoke.DirectMethodHandle$Holder.invokeVirtual(Ljava/lang/Object;Ljava/lang/Object;Ljava/lang/Object;)Ljava/lang/Object;> (0x00000000895dd1e8) thrown at [./open/src/hotspot/share/in

Events (10 events):
Event: 13.842 loading class com/mysql/cj/jdbc/JdbcConnection
Event: 13.842 loading class com/mysql/cj/jdbc/JdbcConnection done
Event: 13.842 loading class com/mysql/cj/MysqlConnection
Event: 13.842 loading class com/mysql/cj/MysqlConnection done
Event: 13.842 loading class com/mysql/cj/TransactionEventHandler
Event: 13.842 loading class com/mysql/cj/TransactionEventHandler done
Event: 13.843 loading class com/mysql/cj/Session$SessionEventListener
Event: 13.843 loading class com/mysql/cj/Session$SessionEventListener done
Event: 13.850 loading class com/mysql/cj/protocol/ProtocolEntityFactory
Event: 13.850 loading class com/mysql/cj/protocol/ProtocolEntityFactory done


Dynamic libraries:
0x00007ff7adfd0000 - 0x00007ff7adfdf000 	C:\Program Files\Java\jdk-11.0.8\bin\javaw.exe
0x00007ff9b6b20000 - 0x00007ff9b6d10000 	C:\WINDOWS\SYSTEM32\ntdll.dll
0x00007ff9b6000000 - 0x00007ff9b60b2000 	C:\WINDOWS\System32\KERNEL32.DLL
0x00007ff9b3bf0000 - 0x00007ff9b3e95000 	C:\WINDOWS\System32\KERNELBASE.dll
0x00007ff9b4930000 - 0x00007ff9b4a2a000 	C:\WINDOWS\System32\ucrtbase.dll
0x00007ff99b690000 - 0x00007ff99b6a8000 	C:\Program Files\Java\jdk-11.0.8\bin\jli.dll
0x00007ff9b6a30000 - 0x00007ff9b6ad3000 	C:\WINDOWS\System32\ADVAPI32.dll
0x00007ff9b5c20000 - 0x00007ff9b5cbe000 	C:\WINDOWS\System32\msvcrt.dll
0x00007ff9b5240000 - 0x00007ff9b52d7000 	C:\WINDOWS\System32\sechost.dll
0x00007ff9b6900000 - 0x00007ff9b6a1f000 	C:\WINDOWS\System32\RPCRT4.dll
0x00007ff9b4e80000 - 0x00007ff9b5014000 	C:\WINDOWS\System32\USER32.dll
0x00007ff9b4620000 - 0x00007ff9b4641000 	C:\WINDOWS\System32\win32u.dll
0x00007ff9b4d90000 - 0x00007ff9b4db6000 	C:\WINDOWS\System32\GDI32.dll
0x00007ff9b4a30000 - 0x00007ff9b4bc8000 	C:\WINDOWS\System32\gdi32full.dll
0x00007ff9b47e0000 - 0x00007ff9b487e000 	C:\WINDOWS\System32\msvcp_win.dll
0x00007ff99b670000 - 0x00007ff99b685000 	C:\Program Files\Java\jdk-11.0.8\bin\VCRUNTIME140.dll
0x00007ff99eb80000 - 0x00007ff99ee04000 	C:\WINDOWS\WinSxS\amd64_microsoft.windows.common-controls_6595b64144ccf1df_6.0.18362.1440_none_9e7dbfb9e45e8e67\COMCTL32.dll
0x00007ff9b5cc0000 - 0x00007ff9b5ff6000 	C:\WINDOWS\System32\combase.dll
0x00007ff9b4650000 - 0x00007ff9b46d1000 	C:\WINDOWS\System32\bcryptPrimitives.dll
0x00007ff9a9310000 - 0x00007ff9a931a000 	C:\WINDOWS\SYSTEM32\VERSION.dll
0x00007ff9b52e0000 - 0x00007ff9b530e000 	C:\WINDOWS\System32\IMM32.DLL
0x00007ff99b5d0000 - 0x00007ff99b66b000 	C:\Program Files\Java\jdk-11.0.8\bin\msvcp140.dll
0x00007ff975640000 - 0x00007ff976126000 	C:\Program Files\Java\jdk-11.0.8\bin\server\jvm.dll
0x00007ff9b6a20000 - 0x00007ff9b6a28000 	C:\WINDOWS\System32\PSAPI.DLL
0x00007ff99c500000 - 0x00007ff99c509000 	C:\WINDOWS\SYSTEM32\WSOCK32.dll
0x00007ff9b5860000 - 0x00007ff9b58cf000 	C:\WINDOWS\System32\WS2_32.dll
0x00007ff9b1460000 - 0x00007ff9b1484000 	C:\WINDOWS\SYSTEM32\WINMM.dll
0x00007ff9b1430000 - 0x00007ff9b145d000 	C:\WINDOWS\SYSTEM32\WINMMBASE.dll
0x00007ff9b46e0000 - 0x00007ff9b472a000 	C:\WINDOWS\System32\cfgmgr32.dll
0x00007ff9b39e0000 - 0x00007ff9b39f1000 	C:\WINDOWS\System32\kernel.appcore.dll
0x00007ff9af220000 - 0x00007ff9af230000 	C:\Program Files\Java\jdk-11.0.8\bin\verify.dll
0x00007ff9b22d0000 - 0x00007ff9b24c4000 	C:\WINDOWS\SYSTEM32\DBGHELP.DLL
0x00007ff9a6350000 - 0x00007ff9a637a000 	C:\WINDOWS\SYSTEM32\dbgcore.DLL
0x00007ff99ffe0000 - 0x00007ff9a0008000 	C:\Program Files\Java\jdk-11.0.8\bin\java.dll
0x00007ff9a9060000 - 0x00007ff9a906a000 	C:\Program Files\Java\jdk-11.0.8\bin\jimage.dll
0x00007ff9a56a0000 - 0x00007ff9a56b6000 	C:\Program Files\Java\jdk-11.0.8\bin\zip.dll
0x00007ff9b60c0000 - 0x00007ff9b67a8000 	C:\WINDOWS\System32\SHELL32.dll
0x00007ff9b5b70000 - 0x00007ff9b5c17000 	C:\WINDOWS\System32\shcore.dll
0x00007ff9b3ea0000 - 0x00007ff9b461b000 	C:\WINDOWS\System32\windows.storage.dll
0x00007ff9b3a70000 - 0x00007ff9b3a8e000 	C:\WINDOWS\System32\profapi.dll
0x00007ff9b3a00000 - 0x00007ff9b3a4a000 	C:\WINDOWS\System32\powrprof.dll
0x00007ff9b39d0000 - 0x00007ff9b39e0000 	C:\WINDOWS\System32\UMPDC.dll
0x00007ff9b4dc0000 - 0x00007ff9b4e12000 	C:\WINDOWS\System32\shlwapi.dll
0x00007ff9b4760000 - 0x00007ff9b4777000 	C:\WINDOWS\System32\cryptsp.dll
0x00007ff99ffc0000 - 0x00007ff99ffd9000 	C:\Program Files\Java\jdk-11.0.8\bin\net.dll
0x00007ff9a4710000 - 0x00007ff9a480a000 	C:\WINDOWS\SYSTEM32\WINHTTP.dll
0x00007ff9b3210000 - 0x00007ff9b3277000 	C:\WINDOWS\system32\mswsock.dll
0x00007ff99ffa0000 - 0x00007ff99ffb2000 	C:\Program Files\Java\jdk-11.0.8\bin\nio.dll
0x0000020767d30000 - 0x0000020767d33000 	D:\JAVA\javafx-sdk-15.0.1\bin\api-ms-win-core-console-l1-1-0.dll
0x0000020769e40000 - 0x0000020769e43000 	D:\JAVA\javafx-sdk-15.0.1\bin\api-ms-win-core-console-l1-2-0.dll
0x0000020769e50000 - 0x0000020769e53000 	D:\JAVA\javafx-sdk-15.0.1\bin\api-ms-win-core-datetime-l1-1-0.dll
0x0000020769e60000 - 0x0000020769e63000 	D:\JAVA\javafx-sdk-15.0.1\bin\api-ms-win-core-debug-l1-1-0.dll
0x0000020769e70000 - 0x0000020769e73000 	D:\JAVA\javafx-sdk-15.0.1\bin\api-ms-win-core-errorhandling-l1-1-0.dll
0x0000020769e80000 - 0x0000020769e84000 	D:\JAVA\javafx-sdk-15.0.1\bin\api-ms-win-core-file-l1-1-0.dll
0x0000020769e90000 - 0x0000020769e93000 	D:\JAVA\javafx-sdk-15.0.1\bin\api-ms-win-core-file-l1-2-0.dll
0x0000020769ea0000 - 0x0000020769ea3000 	D:\JAVA\javafx-sdk-15.0.1\bin\api-ms-win-core-file-l2-1-0.dll
0x0000020769eb0000 - 0x0000020769eb3000 	D:\JAVA\javafx-sdk-15.0.1\bin\api-ms-win-core-handle-l1-1-0.dll
0x000002077baa0000 - 0x000002077baa3000 	D:\JAVA\javafx-sdk-15.0.1\bin\api-ms-win-core-heap-l1-1-0.dll
0x000002077bab0000 - 0x000002077bab3000 	D:\JAVA\javafx-sdk-15.0.1\bin\api-ms-win-core-interlocked-l1-1-0.dll
0x000002077bac0000 - 0x000002077bac3000 	D:\JAVA\javafx-sdk-15.0.1\bin\api-ms-win-core-libraryloader-l1-1-0.dll
0x000002077bad0000 - 0x000002077bad3000 	D:\JAVA\javafx-sdk-15.0.1\bin\api-ms-win-core-localization-l1-2-0.dll
0x000002077bae0000 - 0x000002077bae3000 	D:\JAVA\javafx-sdk-15.0.1\bin\api-ms-win-core-memory-l1-1-0.dll
0x000002077baf0000 - 0x000002077baf3000 	D:\JAVA\javafx-sdk-15.0.1\bin\api-ms-win-core-namedpipe-l1-1-0.dll
0x000002077bb00000 - 0x000002077bb03000 	D:\JAVA\javafx-sdk-15.0.1\bin\api-ms-win-core-processenvironment-l1-1-0.dll
0x000002077bb10000 - 0x000002077bb13000 	D:\JAVA\javafx-sdk-15.0.1\bin\api-ms-win-core-processthreads-l1-1-0.dll
0x000002077bb20000 - 0x000002077bb23000 	D:\JAVA\javafx-sdk-15.0.1\bin\api-ms-win-core-processthreads-l1-1-1.dll
0x000002077bb30000 - 0x000002077bb33000 	D:\JAVA\javafx-sdk-15.0.1\bin\api-ms-win-core-profile-l1-1-0.dll
0x000002077bb40000 - 0x000002077bb43000 	D:\JAVA\javafx-sdk-15.0.1\bin\api-ms-win-core-rtlsupport-l1-1-0.dll
0x000002077bb50000 - 0x000002077bb53000 	D:\JAVA\javafx-sdk-15.0.1\bin\api-ms-win-core-string-l1-1-0.dll
0x000002077bb60000 - 0x000002077bb63000 	D:\JAVA\javafx-sdk-15.0.1\bin\api-ms-win-core-synch-l1-1-0.dll
0x000002077bb70000 - 0x000002077bb73000 	D:\JAVA\javafx-sdk-15.0.1\bin\api-ms-win-core-synch-l1-2-0.dll
0x000002077bb80000 - 0x000002077bb83000 	D:\JAVA\javafx-sdk-15.0.1\bin\api-ms-win-core-sysinfo-l1-1-0.dll
0x000002077bb90000 - 0x000002077bb93000 	D:\JAVA\javafx-sdk-15.0.1\bin\api-ms-win-core-timezone-l1-1-0.dll
0x000002077bba0000 - 0x000002077bba3000 	D:\JAVA\javafx-sdk-15.0.1\bin\api-ms-win-core-util-l1-1-0.dll
0x000002077bbb0000 - 0x000002077bbb3000 	D:\JAVA\javafx-sdk-15.0.1\bin\api-ms-win-crt-conio-l1-1-0.dll
0x000002077bbc0000 - 0x000002077bbc4000 	D:\JAVA\javafx-sdk-15.0.1\bin\api-ms-win-crt-convert-l1-1-0.dll
0x000002077bbd0000 - 0x000002077bbd3000 	D:\JAVA\javafx-sdk-15.0.1\bin\api-ms-win-crt-environment-l1-1-0.dll
0x000002077bbe0000 - 0x000002077bbe3000 	D:\JAVA\javafx-sdk-15.0.1\bin\api-ms-win-crt-filesystem-l1-1-0.dll
0x000002077bbf0000 - 0x000002077bbf3000 	D:\JAVA\javafx-sdk-15.0.1\bin\api-ms-win-crt-heap-l1-1-0.dll
0x000002077bc00000 - 0x000002077bc03000 	D:\JAVA\javafx-sdk-15.0.1\bin\api-ms-win-crt-locale-l1-1-0.dll
0x000002077bc10000 - 0x000002077bc15000 	D:\JAVA\javafx-sdk-15.0.1\bin\api-ms-win-crt-math-l1-1-0.dll
0x000002077bc20000 - 0x000002077bc25000 	D:\JAVA\javafx-sdk-15.0.1\bin\api-ms-win-crt-multibyte-l1-1-0.dll
0x000002077bc30000 - 0x000002077bc40000 	D:\JAVA\javafx-sdk-15.0.1\bin\api-ms-win-crt-private-l1-1-0.dll
0x000002077bc40000 - 0x000002077bc43000 	D:\JAVA\javafx-sdk-15.0.1\bin\api-ms-win-crt-process-l1-1-0.dll
0x000002077bc50000 - 0x000002077bc54000 	D:\JAVA\javafx-sdk-15.0.1\bin\api-ms-win-crt-runtime-l1-1-0.dll
0x000002077bc60000 - 0x000002077bc64000 	D:\JAVA\javafx-sdk-15.0.1\bin\api-ms-win-crt-stdio-l1-1-0.dll
0x000002077bc70000 - 0x000002077bc74000 	D:\JAVA\javafx-sdk-15.0.1\bin\api-ms-win-crt-string-l1-1-0.dll
0x000002077bc80000 - 0x000002077bc83000 	D:\JAVA\javafx-sdk-15.0.1\bin\api-ms-win-crt-time-l1-1-0.dll
0x000002077bc90000 - 0x000002077bc93000 	D:\JAVA\javafx-sdk-15.0.1\bin\api-ms-win-crt-utility-l1-1-0.dll
0x00007ff985a20000 - 0x00007ff985b1c000 	D:\JAVA\javafx-sdk-15.0.1\bin\ucrtbase.dll
0x00007ff9a4070000 - 0x00007ff9a4085000 	D:\JAVA\javafx-sdk-15.0.1\bin\vcruntime140.dll
0x00007ff99d3e0000 - 0x00007ff99d3ec000 	C:\Windows\System32\vcruntime140_1.dll
0x00007ff988950000 - 0x00007ff9889eb000 	D:\JAVA\javafx-sdk-15.0.1\bin\msvcp140.dll
0x00007ff9a3650000 - 0x00007ff9a3673000 	D:\JAVA\javafx-sdk-15.0.1\bin\prism_d3d.dll
0x00007ff96a2f0000 - 0x00007ff96a4b7000 	C:\WINDOWS\system32\d3d9.dll
0x00007ff9b1da0000 - 0x00007ff9b1dcd000 	C:\WINDOWS\SYSTEM32\dwmapi.dll
0x00007ff9b2610000 - 0x00007ff9b2630000 	C:\WINDOWS\SYSTEM32\dxcore.dll
0x00007ff9b1980000 - 0x00007ff9b1a19000 	C:\WINDOWS\system32\uxtheme.dll
0x00007ff967ae0000 - 0x00007ff967c43000 	C:\WINDOWS\System32\DriverStore\FileRepository\iigd_dch.inf_amd64_b2a136cee25b9cb8\igdumdim64.dll
0x00007ff954940000 - 0x00007ff958aff000 	C:\WINDOWS\System32\DriverStore\FileRepository\iigd_dch.inf_amd64_b2a136cee25b9cb8\igd9dxva64.dll
0x00007ff9b5a10000 - 0x00007ff9b5b67000 	C:\WINDOWS\System32\ole32.dll
0x00007ff9b4cc0000 - 0x00007ff9b4d85000 	C:\WINDOWS\System32\OLEAUT32.dll
0x00007ff9a9070000 - 0x00007ff9a9213000 	C:\WINDOWS\System32\DriverStore\FileRepository\iigd_dch.inf_amd64_b2a136cee25b9cb8\igdgmm64.dll
0x00007ff988900000 - 0x00007ff988945000 	D:\JAVA\javafx-sdk-15.0.1\bin\glass.dll
0x00007ff9b67b0000 - 0x00007ff9b6880000 	C:\WINDOWS\System32\COMDLG32.dll
0x00007ff9b58d0000 - 0x00007ff9b5a05000 	C:\WINDOWS\System32\MSCTF.dll
0x00007ff995340000 - 0x00007ff995366000 	C:\WINDOWS\System32\DriverStore\FileRepository\iigd_dch.inf_amd64_b2a136cee25b9cb8\igdinfo64.dll
0x00007ff9a6c10000 - 0x00007ff9a904d000 	C:\WINDOWS\System32\DriverStore\FileRepository\iigd_dch.inf_amd64_b2a136cee25b9cb8\igc64.dll
0x00007ff99c1e0000 - 0x00007ff99c1f4000 	D:\JAVA\javafx-sdk-15.0.1\bin\javafx_font.dll
0x00007ff99be00000 - 0x00007ff99c0fe000 	C:\WINDOWS\SYSTEM32\dwrite.dll
0x00007ff9b57b0000 - 0x00007ff9b5852000 	C:\WINDOWS\System32\clbcatq.dll
0x00007ff9adc00000 - 0x00007ff9addaf000 	C:\WINDOWS\SYSTEM32\WindowsCodecs.dll
0x00007ff9a1c20000 - 0x00007ff9a1c5b000 	C:\WINDOWS\system32\dataexchange.dll
0x00007ff9b09c0000 - 0x00007ff9b0b9d000 	C:\WINDOWS\system32\dcomp.dll
0x00007ff9b0740000 - 0x00007ff9b099b000 	C:\WINDOWS\system32\d3d11.dll
0x00007ff9b26a0000 - 0x00007ff9b278b000 	C:\WINDOWS\system32\dxgi.dll
0x00007ff9b1a50000 - 0x00007ff9b1caa000 	C:\WINDOWS\system32\twinapi.appcore.dll
0x00007ff9b1e80000 - 0x00007ff9b1ea9000 	C:\WINDOWS\system32\RMCLIENT.dll
0x00007ff986e20000 - 0x00007ff986e53000 	C:\Program Files\Common Files\Microsoft Shared\Ink\rtscom.dll
0x00007ff9a65e0000 - 0x00007ff9a667d000 	C:\WINDOWS\System32\TextInputFramework.dll
0x00007ff9ade80000 - 0x00007ff9ae1aa000 	C:\WINDOWS\System32\CoreUIComponents.dll
0x00007ff9b0bd0000 - 0x00007ff9b0ca4000 	C:\WINDOWS\System32\CoreMessaging.dll
0x00007ff9b2a10000 - 0x00007ff9b2a41000 	C:\WINDOWS\SYSTEM32\ntmarta.dll
0x00007ff9ae8e0000 - 0x00007ff9aea32000 	C:\WINDOWS\SYSTEM32\wintypes.dll
0x00007ff9a1080000 - 0x00007ff9a1327000 	C:\WINDOWS\System32\iertutil.dll
0x00007ff992f10000 - 0x00007ff992f3c000 	D:\JAVA\javafx-sdk-15.0.1\bin\javafx_iio.dll
0x00007ff9b2d80000 - 0x00007ff9b2db3000 	C:\WINDOWS\system32\rsaenh.dll
0x00007ff9b4730000 - 0x00007ff9b4756000 	C:\WINDOWS\System32\bcrypt.dll

dbghelp: loaded successfully - version: 4.0.5 - missing functions: none
symbol engine: initialized successfully - sym options: 0x614 - pdb path: .;C:\Program Files\Java\jdk-11.0.8\bin;C:\WINDOWS\SYSTEM32;C:\WINDOWS\WinSxS\amd64_microsoft.windows.common-controls_6595b64144ccf1df_6.0.18362.1440_none_9e7dbfb9e45e8e67;C:\Program Files\Java\jdk-11.0.8\bin\server;D:\JAVA\javafx-sdk-15.0.1\bin;C:\WINDOWS\System32\DriverStore\FileRepository\iigd_dch.inf_amd64_b2a136cee25b9cb8;C:\Program Files\Common Files\Microsoft Shared\Ink

VM Arguments:
jvm_args: --module-path=D:\JAVA\javafx-sdk-15.0.1\lib --add-modules=javafx.controls,javafx.fxml -Dfile.encoding=UTF-8 
java_command: com.diego.FinDeCicloDGM.Lanzador
java_class_path (initial): D:\Worspaces Eclipse\ECLIPSE2\FinDeCicloDGM\target\classes;C:\Users\diego\.m2\repository\org\openjfx\javafx-controls\13\javafx-controls-13.jar;C:\Users\diego\.m2\repository\org\openjfx\javafx-controls\13\javafx-controls-13-win.jar;C:\Users\diego\.m2\repository\org\openjfx\javafx-graphics\13\javafx-graphics-13.jar;C:\Users\diego\.m2\repository\org\openjfx\javafx-graphics\13\javafx-graphics-13-win.jar;C:\Users\diego\.m2\repository\org\openjfx\javafx-base\13\javafx-base-13.jar;C:\Users\diego\.m2\repository\org\openjfx\javafx-base\13\javafx-base-13-win.jar;C:\Users\diego\.m2\repository\org\openjfx\javafx-fxml\13\javafx-fxml-13.jar;C:\Users\diego\.m2\repository\org\openjfx\javafx-fxml\13\javafx-fxml-13-win.jar;C:\Users\diego\.m2\repository\org\hibernate\hibernate-core\5.4.27.Final\hibernate-core-5.4.27.Final.jar;C:\Users\diego\.m2\repository\org\jboss\logging\jboss-logging\3.4.1.Final\jboss-logging-3.4.1.Final.jar;C:\Users\diego\.m2\repository\javax\persistence\javax.persistence-api\2.2\javax.persistence-api-2.2.jar;C:\Users\diego\.m2\repository\org\javassist\javassist\3.27.0-GA\javassist-3.27.0-GA.jar;C:\Users\diego\.m2\repository\net\bytebuddy\byte-buddy\1.10.17\byte-buddy-1.10.17.jar;C:\Users\diego\.m2\repository\antlr\antlr\2.7.7\antlr-2.7.7.jar;C:\Users\diego\.m2\repository\org\jboss\spec\javax\transaction\jboss-transaction-api_1.2_spec\1.1.1.Final\jboss-transaction-api_1.2_spec-1.1.1.Final.jar;C:\Users\diego\.m2\repository\org\jboss\jandex\2.1.3.Final\jandex-2.1.3.Final.jar;C:\Users\diego\.m2\repository\com\fasterxml\classmate\1.5.1\classmate-1.5.1.jar;C:\Users\diego\.m2\repository\javax\activation\javax.activation-api\1.2.0\javax.activation-api-1.2.0.jar;C:\Users\diego\.m2\repository\org\dom4j\dom4j\2.1.3\dom4j-2.1.3.jar;C:\Users\diego\.m2\repository\org\hibernate\common\hibernate-commons-annotations\5.1.2.Final\hibernate-commons-annotations-5.1.2.Final.jar;C:\Users\diego\.m2\repository\javax\xml\bind\jaxb-api\2.3.1\jaxb-api-2.3.1.jar;
Launcher Type: SUN_STANDARD

[Global flags]
     intx CICompilerCount                          = 3                                         {product} {ergonomic}
     uint ConcGCThreads                            = 1                                         {product} {ergonomic}
     uint G1ConcRefinementThreads                  = 4                                         {product} {ergonomic}
   size_t G1HeapRegionSize                         = 1048576                                   {product} {ergonomic}
    uintx GCDrainStackTargetSize                   = 64                                        {product} {ergonomic}
   size_t InitialHeapSize                          = 134217728                                 {product} {ergonomic}
   size_t MarkStackSize                            = 4194304                                   {product} {ergonomic}
   size_t MaxHeapSize                              = 2118123520                                {product} {ergonomic}
   size_t MaxNewSize                               = 1270874112                                {product} {ergonomic}
   size_t MinHeapDeltaBytes                        = 1048576                                   {product} {ergonomic}
    uintx NonNMethodCodeHeapSize                   = 5830732                                {pd product} {ergonomic}
    uintx NonProfiledCodeHeapSize                  = 122913754                              {pd product} {ergonomic}
    uintx ProfiledCodeHeapSize                     = 122913754                              {pd product} {ergonomic}
    uintx ReservedCodeCacheSize                    = 251658240                              {pd product} {ergonomic}
     bool SegmentedCodeCache                       = true                                      {product} {ergonomic}
     bool UseCompressedClassPointers               = true                                 {lp64_product} {ergonomic}
     bool UseCompressedOops                        = true                                 {lp64_product} {ergonomic}
     bool UseG1GC                                  = true                                      {product} {ergonomic}
     bool UseLargePagesIndividualAllocation        = false                                  {pd product} {ergonomic}

Logging:
Log output configuration:
 #0: stdout all=warning uptime,level,tags
 #1: stderr all=off uptime,level,tags

Environment Variables:
PATH=C:/Program Files/Java/jdk-11.0.8/bin/server;C:/Program Files/Java/jdk-11.0.8/bin;C:\app\diego\product\18.0.0\dbhomeXE\bin;C:\Program Files\Java\jdk-11.0.8\bin;C:\Program Files (x86)\Common Files\Oracle\Java\javapath;C:\WINDOWS\system32;C:\WINDOWS;C:\WINDOWS\System32\Wbem;C:\WINDOWS\System32\WindowsPowerShell\v1.0\;C:\WINDOWS\System32\OpenSSH\;C:\xampp\mysql\bin;C:\Program Files\Git\cmd;C:\Program Files\dotnet\;C:\Program Files\MongoDB\Server\4.4\bin;C:\Users\diego\AppData\Local\Microsoft\WindowsApps;C:\Users\diego\AppData\Local\Programs\Microsoft VS Code\bin;C:\Users\diego\AppData\Local\Microsoft\WindowsApps;C:\ProgramData\diego\atom\bin;C:\Users\diego\AppData\Local\atom\bin;C:\Users\diego\.dotnet\tools;C:\Users\diego\AppData\Local\GitHubDesktop\bin;C:\Users\diego\eclipse\java-2020-09\eclipse;
USERNAME=diego
OS=Windows_NT
PROCESSOR_IDENTIFIER=Intel64 Family 6 Model 142 Stepping 9, GenuineIntel



---------------  S Y S T E M  ---------------

OS: Windows 10 , 64 bit Build 18362 (10.0.18362.1350)

CPU:total 4 (initial active 4) (2 cores per cpu, 2 threads per core) family 6 model 142 stepping 9, cmov, cx8, fxsr, mmx, sse, sse2, sse3, ssse3, sse4.1, sse4.2, popcnt, avx, avx2, aes, clmul, erms, 3dnowpref, lzcnt, ht, tsc, tscinvbit, bmi1, bmi2, adx, fma

Memory: 4k page, system-wide physical 8074M (517M free)
TotalPageFile size 15824M (AvailPageFile size 10M)
current process WorkingSet (physical memory assigned to process): 274M, peak: 280M
current process commit charge ("private bytes"): 325M, peak: 331M

vm_info: Java HotSpot(TM) 64-Bit Server VM (11.0.8+10-LTS) for windows-amd64 JRE (11.0.8+10-LTS), built on Jun 16 2020 05:53:08 by "mach5one" with unknown MS VC++:1916

END.
